<?xml version="1.0" encoding="UTF-8"?>
<!-- Generated by org.testng.reporters.JUnitXMLReporter -->
<testsuite hostname="WELCOME" ignored="0" name="Default test" tests="2" failures="0" timestamp="08 Sep 2019 10:24:35 GMT" time="70.775" errors="0">
  <testcase name="CreateLeadTesCase" time="23.231" classname="com.leafBot.testcases.TestCase_CreateLead"/>
  <testcase name="CreateLeadTesCase" time="23.289" classname="com.leafBot.testcases.TestCase_CreateLead"/>
</testsuite> <!-- Default test -->
