<?xml version="1.0" encoding="UTF-8"?>
<testng-results skipped="0" failed="0" ignored="0" total="2" passed="2">
  <reporter-output>
  </reporter-output>
  <suite name="Default suite" duration-ms="70775" started-at="2019-09-08T10:23:24Z" finished-at="2019-09-08T10:24:35Z">
    <groups>
      <group name="cucumber">
        <method signature="AbstractTestNGCucumberTests.runScenario(cucumber.api.testng.PickleEventWrapper, cucumber.api.testng.CucumberFeatureWrapper)[pri:0, instance:com.leafBot.testcases.TestCase_CreateLead@2b2948e2]" name="runScenario" class="cucumber.api.testng.AbstractTestNGCucumberTests"/>
      </group> <!-- cucumber -->
    </groups>
    <test name="Default test" duration-ms="70775" started-at="2019-09-08T10:23:24Z" finished-at="2019-09-08T10:24:35Z">
      <class name="com.leafBot.testcases.TestCase_CreateLead">
        <test-method status="PASS" signature="startReport()[pri:0, instance:com.leafBot.testcases.TestCase_CreateLead@2b2948e2]" name="startReport" is-config="true" duration-ms="1324" started-at="2019-09-08T10:23:23Z" finished-at="2019-09-08T10:23:24Z">
          <reporter-output>
          </reporter-output>
        </test-method> <!-- startReport -->
        <test-method status="PASS" signature="setData()[pri:0, instance:com.leafBot.testcases.TestCase_CreateLead@2b2948e2]" name="setData" is-config="true" duration-ms="2" started-at="2019-09-08T10:23:24Z" finished-at="2019-09-08T10:23:24Z">
          <reporter-output>
          </reporter-output>
        </test-method> <!-- setData -->
        <test-method status="PASS" signature="setUpClass()[pri:0, instance:com.leafBot.testcases.TestCase_CreateLead@2b2948e2]" name="setUpClass" is-config="true" duration-ms="449" started-at="2019-09-08T10:23:24Z" finished-at="2019-09-08T10:23:24Z">
          <reporter-output>
          </reporter-output>
        </test-method> <!-- setUpClass -->
        <test-method status="PASS" signature="report()[pri:0, instance:com.leafBot.testcases.TestCase_CreateLead@2b2948e2]" name="report" is-config="true" duration-ms="35" started-at="2019-09-08T10:23:24Z" finished-at="2019-09-08T10:23:24Z">
          <reporter-output>
          </reporter-output>
        </test-method> <!-- report -->
        <test-method status="PASS" signature="beforeMethod()[pri:0, instance:com.leafBot.testcases.TestCase_CreateLead@2b2948e2]" name="beforeMethod" is-config="true" duration-ms="9877" started-at="2019-09-08T10:23:28Z" finished-at="2019-09-08T10:23:37Z">
          <reporter-output>
          </reporter-output>
        </test-method> <!-- beforeMethod -->
        <test-method status="PASS" signature="CreateLeadTesCase(java.lang.String, java.lang.String, java.lang.String, java.lang.String, java.lang.String)[pri:0, instance:com.leafBot.testcases.TestCase_CreateLead@2b2948e2]" name="CreateLeadTesCase" duration-ms="23231" started-at="2019-09-08T10:23:37Z" data-provider="fetchData" finished-at="2019-09-08T10:24:01Z">
          <params>
            <param index="0">
              <value>
                <![CDATA[DemoSalesManager]]>
              </value>
            </param>
            <param index="1">
              <value>
                <![CDATA[crmsfa]]>
              </value>
            </param>
            <param index="2">
              <value>
                <![CDATA[TCS]]>
              </value>
            </param>
            <param index="3">
              <value>
                <![CDATA[Sample]]>
              </value>
            </param>
            <param index="4">
              <value>
                <![CDATA[Data]]>
              </value>
            </param>
          </params>
          <reporter-output>
          </reporter-output>
        </test-method> <!-- CreateLeadTesCase -->
        <test-method status="PASS" signature="afterMethod()[pri:0, instance:com.leafBot.testcases.TestCase_CreateLead@2b2948e2]" name="afterMethod" is-config="true" duration-ms="2164" started-at="2019-09-08T10:24:01Z" finished-at="2019-09-08T10:24:03Z">
          <reporter-output>
          </reporter-output>
        </test-method> <!-- afterMethod -->
        <test-method status="PASS" signature="beforeMethod()[pri:0, instance:com.leafBot.testcases.TestCase_CreateLead@2b2948e2]" name="beforeMethod" is-config="true" duration-ms="6399" started-at="2019-09-08T10:24:03Z" finished-at="2019-09-08T10:24:09Z">
          <reporter-output>
          </reporter-output>
        </test-method> <!-- beforeMethod -->
        <test-method status="PASS" signature="CreateLeadTesCase(java.lang.String, java.lang.String, java.lang.String, java.lang.String, java.lang.String)[pri:0, instance:com.leafBot.testcases.TestCase_CreateLead@2b2948e2]" name="CreateLeadTesCase" duration-ms="23289" started-at="2019-09-08T10:24:09Z" data-provider="fetchData" finished-at="2019-09-08T10:24:33Z">
          <params>
            <param index="0">
              <value>
                <![CDATA[DemoCSR]]>
              </value>
            </param>
            <param index="1">
              <value>
                <![CDATA[crmsfa]]>
              </value>
            </param>
            <param index="2">
              <value>
                <![CDATA[Hexaware]]>
              </value>
            </param>
            <param index="3">
              <value>
                <![CDATA[Test]]>
              </value>
            </param>
            <param index="4">
              <value>
                <![CDATA[Data]]>
              </value>
            </param>
          </params>
          <reporter-output>
          </reporter-output>
        </test-method> <!-- CreateLeadTesCase -->
        <test-method status="PASS" signature="afterMethod()[pri:0, instance:com.leafBot.testcases.TestCase_CreateLead@2b2948e2]" name="afterMethod" is-config="true" duration-ms="2135" started-at="2019-09-08T10:24:33Z" finished-at="2019-09-08T10:24:35Z">
          <reporter-output>
          </reporter-output>
        </test-method> <!-- afterMethod -->
        <test-method status="PASS" signature="tearDownClass()[pri:0, instance:com.leafBot.testcases.TestCase_CreateLead@2b2948e2]" name="tearDownClass" is-config="true" duration-ms="12" started-at="2019-09-08T10:24:35Z" finished-at="2019-09-08T10:24:35Z">
          <reporter-output>
          </reporter-output>
        </test-method> <!-- tearDownClass -->
        <test-method status="PASS" signature="stopReport()[pri:0, instance:com.leafBot.testcases.TestCase_CreateLead@2b2948e2]" name="stopReport" is-config="true" duration-ms="1320" started-at="2019-09-08T10:24:35Z" finished-at="2019-09-08T10:24:36Z">
          <reporter-output>
          </reporter-output>
        </test-method> <!-- stopReport -->
      </class> <!-- com.leafBot.testcases.TestCase_CreateLead -->
    </test> <!-- Default test -->
  </suite> <!-- Default suite -->
</testng-results>
